# JRE version: OpenJDK Runtime Environment (8.0_212) (build 1.8.0_212-release-1586-b4-5784211)
# Java VM: OpenJDK 64-Bit Server VM (25.212-b4-5784211 mixed mode linux-amd64 compressed oops)
Heap:
 PSYoungGen      total 255488K, used 0K [0x00000000e0000000, 0x00000000f3f80000, 0x0000000100000000)
  eden space 224768K, 0% used [0x00000000e0000000,0x00000000e0000000,0x00000000edb80000)
  from space 30720K, 0% used [0x00000000f0700000,0x00000000f0700000,0x00000000f2500000)
  to   space 44544K, 0% used [0x00000000edb80000,0x00000000edb80000,0x00000000f0700000)
 ParOldGen       total 78848K, used 69116K [0x00000000a0000000, 0x00000000a4d00000, 0x00000000e0000000)
  object space 78848K, 87% used [0x00000000a0000000,0x00000000a437f178,0x00000000a4d00000)
 Metaspace       used 83138K, capacity 85596K, committed 85912K, reserved 1124352K
  class space    used 10994K, capacity 11538K, committed 11672K, reserved 1048576K
GC Heap History (10 events):
Event: 16.955 GC heap after
Heap after GC invocations=15 (full 2):
 PSYoungGen      total 182272K, used 15858K [0x00000000e0000000, 0x00000000eeb80000, 0x0000000100000000)
  eden space 166400K, 0% used [0x00000000e0000000,0x00000000e0000000,0x00000000ea280000)
  from space 15872K, 99% used [0x00000000ea280000,0x00000000eb1fcb90,0x00000000eb200000)
  to   space 21504K, 0% used [0x00000000ed680000,0x00000000ed680000,0x00000000eeb80000)
 ParOldGen       total 44032K, used 27514K [0x00000000a0000000, 0x00000000a2b00000, 0x00000000e0000000)
  object space 44032K, 62% used [0x00000000a0000000,0x00000000a1ade9e8,0x00000000a2b00000)
 Metaspace       used 57074K, capacity 59056K, committed 59160K, reserved 1099776K
  class space    used 7907K, capacity 8370K, committed 8472K, reserved 1048576K
}
Event: 16.955 GC heap before
{Heap before GC invocations=16 (full 3):
 PSYoungGen      total 182272K, used 15858K [0x00000000e0000000, 0x00000000eeb80000, 0x0000000100000000)
  eden space 166400K, 0% used [0x00000000e0000000,0x00000000e0000000,0x00000000ea280000)
  from space 15872K, 99% used [0x00000000ea280000,0x00000000eb1fcb90,0x00000000eb200000)
  to   space 21504K, 0% used [0x00000000ed680000,0x00000000ed680000,0x00000000eeb80000)
 ParOldGen       total 44032K, used 27514K [0x00000000a0000000, 0x00000000a2b00000, 0x00000000e0000000)
  object space 44032K, 62% used [0x00000000a0000000,0x00000000a1ade9e8,0x00000000a2b00000)
 Metaspace       used 57074K, capacity 59056K, committed 59160K, reserved 1099776K
  class space    used 7907K, capacity 8370K, committed 8472K, reserved 1048576K
Event: 17.367 GC heap after
Heap after GC invocations=16 (full 3):
 PSYoungGen      total 182272K, used 0K [0x00000000e0000000, 0x00000000eeb80000, 0x0000000100000000)
  eden space 166400K, 0% used [0x00000000e0000000,0x00000000e0000000,0x00000000ea280000)
  from space 15872K, 0% used [0x00000000ea280000,0x00000000ea280000,0x00000000eb200000)
  to   space 21504K, 0% used [0x00000000ed680000,0x00000000ed680000,0x00000000eeb80000)
 ParOldGen       total 78848K, used 38259K [0x00000000a0000000, 0x00000000a4d00000, 0x00000000e0000000)
  object space 78848K, 48% used [0x00000000a0000000,0x00000000a255cd68,0x00000000a4d00000)
 Metaspace       used 57044K, capacity 58970K, committed 59160K, reserved 1099776K
  class space    used 7897K, capacity 8353K, committed 8472K, reserved 1048576K
}
Event: 21.403 GC heap before
{Heap before GC invocations=17 (full 3):
 PSYoungGen      total 182272K, used 166400K [0x00000000e0000000, 0x00000000eeb80000, 0x0000000100000000)
  eden space 166400K, 100% used [0x00000000e0000000,0x00000000ea280000,0x00000000ea280000)
  from space 15872K, 0% used [0x00000000ea280000,0x00000000ea280000,0x00000000eb200000)
  to   space 21504K, 0% used [0x00000000ed680000,0x00000000ed680000,0x00000000eeb80000)
 ParOldGen       total 78848K, used 38259K [0x00000000a0000000, 0x00000000a4d00000, 0x00000000e0000000)
  object space 78848K, 48% used [0x00000000a0000000,0x00000000a255cd68,0x00000000a4d00000)
 Metaspace       used 60435K, capacity 62510K, committed 62616K, reserved 1103872K
  class space    used 8309K, capacity 8779K, committed 8856K, reserved 1048576K
Event: 21.434 GC heap after
Heap after GC invocations=17 (full 3):
 PSYoungGen      total 219648K, used 11183K [0x00000000e0000000, 0x00000000eed80000, 0x0000000100000000)
  eden space 198144K, 0% used [0x00000000e0000000,0x00000000e0000000,0x00000000ec180000)
  from space 21504K, 52% used [0x00000000ed680000,0x00000000ee16bdf0,0x00000000eeb80000)
  to   space 21504K, 0% used [0x00000000ec180000,0x00000000ec180000,0x00000000ed680000)
 ParOldGen       total 78848K, used 38267K [0x00000000a0000000, 0x00000000a4d00000, 0x00000000e0000000)
  object space 78848K, 48% used [0x00000000a0000000,0x00000000a255ed68,0x00000000a4d00000)
 Metaspace       used 60435K, capacity 62510K, committed 62616K, reserved 1103872K
  class space    used 8309K, capacity 8779K, committed 8856K, reserved 1048576K
}
Event: 27.171 GC heap before
{Heap before GC invocations=18 (full 3):
 PSYoungGen      total 219648K, used 209327K [0x00000000e0000000, 0x00000000eed80000, 0x0000000100000000)
  eden space 198144K, 100% used [0x00000000e0000000,0x00000000ec180000,0x00000000ec180000)
  from space 21504K, 52% used [0x00000000ed680000,0x00000000ee16bdf0,0x00000000eeb80000)
  to   space 21504K, 0% used [0x00000000ec180000,0x00000000ec180000,0x00000000ed680000)
 ParOldGen       total 78848K, used 38267K [0x00000000a0000000, 0x00000000a4d00000, 0x00000000e0000000)
  object space 78848K, 48% used [0x00000000a0000000,0x00000000a255ed68,0x00000000a4d00000)
 Metaspace       used 71598K, capacity 73908K, committed 74136K, reserved 1114112K
  class space    used 9579K, capacity 10104K, committed 10136K, reserved 1048576K
Event: 27.307 GC heap after
Heap after GC invocations=18 (full 3):
 PSYoungGen      total 219648K, used 21491K [0x00000000e0000000, 0x00000000f2500000, 0x0000000100000000)
  eden space 198144K, 0% used [0x00000000e0000000,0x00000000e0000000,0x00000000ec180000)
  from space 21504K, 99% used [0x00000000ec180000,0x00000000ed67cdf0,0x00000000ed680000)
  to   space 30720K, 0% used [0x00000000f0700000,0x00000000f0700000,0x00000000f2500000)
 ParOldGen       total 78848K, used 52899K [0x00000000a0000000, 0x00000000a4d00000, 0x00000000e0000000)
  object space 78848K, 67% used [0x00000000a0000000,0x00000000a33a8cc0,0x00000000a4d00000)
 Metaspace       used 71598K, capacity 73908K, committed 74136K, reserved 1114112K
  class space    used 9579K, capacity 10104K, committed 10136K, reserved 1048576K
}
Event: 33.504 GC heap before
{Heap before GC invocations=19 (full 3):
 PSYoungGen      total 219648K, used 219635K [0x00000000e0000000, 0x00000000f2500000, 0x0000000100000000)
  eden space 198144K, 100% used [0x00000000e0000000,0x00000000ec180000,0x00000000ec180000)
  from space 21504K, 99% used [0x00000000ec180000,0x00000000ed67cdf0,0x00000000ed680000)
  to   space 30720K, 0% used [0x00000000f0700000,0x00000000f0700000,0x00000000f2500000)
 ParOldGen       total 78848K, used 52899K [0x00000000a0000000, 0x00000000a4d00000, 0x00000000e0000000)
  object space 78848K, 67% used [0x00000000a0000000,0x00000000a33a8cc0,0x00000000a4d00000)
 Metaspace       used 83173K, capacity 85700K, committed 85912K, reserved 1124352K
  class space    used 11005K, capacity 11558K, committed 11672K, reserved 1048576K
Event: 33.632 GC heap after
Heap after GC invocations=19 (full 3):
 PSYoungGen      total 255488K, used 30706K [0x00000000e0000000, 0x00000000f3f80000, 0x0000000100000000)
  eden space 224768K, 0% used [0x00000000e0000000,0x00000000e0000000,0x00000000edb80000)
  from space 30720K, 99% used [0x00000000f0700000,0x00000000f24fcb00,0x00000000f2500000)
  to   space 44544K, 0% used [0x00000000edb80000,0x00000000edb80000,0x00000000f0700000)
 ParOldGen       total 78848K, used 76841K [0x00000000a0000000, 0x00000000a4d00000, 0x00000000e0000000)
  object space 78848K, 97% used [0x00000000a0000000,0x00000000a4b0a510,0x00000000a4d00000)
 Metaspace       used 83173K, capacity 85700K, committed 85912K, reserved 1124352K
  class space    used 11005K, capacity 11558K, committed 11672K, reserved 1048576K
}
Event: 33.632 GC heap before
{Heap before GC invocations=20 (full 4):
 PSYoungGen      total 255488K, used 30706K [0x00000000e0000000, 0x00000000f3f80000, 0x0000000100000000)
  eden space 224768K, 0% used [0x00000000e0000000,0x00000000e0000000,0x00000000edb80000)
  from space 30720K, 99% used [0x00000000f0700000,0x00000000f24fcb00,0x00000000f2500000)
  to   space 44544K, 0% used [0x00000000edb80000,0x00000000edb80000,0x00000000f0700000)
 ParOldGen       total 78848K, used 76841K [0x00000000a0000000, 0x00000000a4d00000, 0x00000000e0000000)
  object space 78848K, 97% used [0x00000000a0000000,0x00000000a4b0a510,0x00000000a4d00000)
 Metaspace       used 83173K, capacity 85700K, committed 85912K, reserved 1124352K
  class space    used 11005K, capacity 11558K, committed 11672K, reserved 1048576K

