# JRE version: OpenJDK Runtime Environment (8.0_212) (build 1.8.0_212-release-1586-b4-5784211)
# Java VM: OpenJDK 64-Bit Server VM (25.212-b4-5784211 mixed mode linux-amd64 compressed oops)
Heap:
 PSYoungGen      total 51200K, used 5098K [0x00000000e0000000, 0x00000000e3800000, 0x0000000100000000)
  eden space 46080K, 0% used [0x00000000e0000000,0x00000000e0000000,0x00000000e2d00000)
  from space 5120K, 99% used [0x00000000e2d00000,0x00000000e31fa988,0x00000000e3200000)
  to   space 4096K, 0% used [0x00000000e3200000,0x00000000e3200000,0x00000000e3600000)
 ParOldGen       total 30208K, used 8393K [0x00000000a0000000, 0x00000000a1d80000, 0x00000000e0000000)
  object space 30208K, 27% used [0x00000000a0000000,0x00000000a0832740,0x00000000a1d80000)
 Metaspace       used 16536K, capacity 17030K, committed 17152K, reserved 1064960K
  class space    used 2369K, capacity 2529K, committed 2560K, reserved 1048576K
GC Heap History (10 events):
Event: 1.761 GC heap after
Heap after GC invocations=2 (full 0):
 PSYoungGen      total 13312K, used 1508K [0x00000000e0000000, 0x00000000e1a00000, 0x0000000100000000)
  eden space 11776K, 0% used [0x00000000e0000000,0x00000000e0000000,0x00000000e0b80000)
  from space 1536K, 98% used [0x00000000e0d00000,0x00000000e0e79058,0x00000000e0e80000)
  to   space 1536K, 0% used [0x00000000e0b80000,0x00000000e0b80000,0x00000000e0d00000)
 ParOldGen       total 30208K, used 1460K [0x00000000a0000000, 0x00000000a1d80000, 0x00000000e0000000)
  object space 30208K, 4% used [0x00000000a0000000,0x00000000a016d160,0x00000000a1d80000)
 Metaspace       used 6201K, capacity 6384K, committed 6528K, reserved 1056768K
  class space    used 762K, capacity 812K, committed 896K, reserved 1048576K
}
Event: 2.070 GC heap before
{Heap before GC invocations=3 (full 0):
 PSYoungGen      total 13312K, used 13284K [0x00000000e0000000, 0x00000000e1a00000, 0x0000000100000000)
  eden space 11776K, 100% used [0x00000000e0000000,0x00000000e0b80000,0x00000000e0b80000)
  from space 1536K, 98% used [0x00000000e0d00000,0x00000000e0e79058,0x00000000e0e80000)
  to   space 1536K, 0% used [0x00000000e0b80000,0x00000000e0b80000,0x00000000e0d00000)
 ParOldGen       total 30208K, used 1460K [0x00000000a0000000, 0x00000000a1d80000, 0x00000000e0000000)
  object space 30208K, 4% used [0x00000000a0000000,0x00000000a016d160,0x00000000a1d80000)
 Metaspace       used 6610K, capacity 6832K, committed 7040K, reserved 1056768K
  class space    used 809K, capacity 876K, committed 896K, reserved 1048576K
Event: 2.076 GC heap after
Heap after GC invocations=3 (full 0):
 PSYoungGen      total 13312K, used 1536K [0x00000000e0000000, 0x00000000e1a00000, 0x0000000100000000)
  eden space 11776K, 0% used [0x00000000e0000000,0x00000000e0000000,0x00000000e0b80000)
  from space 1536K, 100% used [0x00000000e0b80000,0x00000000e0d00000,0x00000000e0d00000)
  to   space 1536K, 0% used [0x00000000e1880000,0x00000000e1880000,0x00000000e1a00000)
 ParOldGen       total 30208K, used 2034K [0x00000000a0000000, 0x00000000a1d80000, 0x00000000e0000000)
  object space 30208K, 6% used [0x00000000a0000000,0x00000000a01fc900,0x00000000a1d80000)
 Metaspace       used 6610K, capacity 6832K, committed 7040K, reserved 1056768K
  class space    used 809K, capacity 876K, committed 896K, reserved 1048576K
}
Event: 2.502 GC heap before
{Heap before GC invocations=4 (full 0):
 PSYoungGen      total 13312K, used 13312K [0x00000000e0000000, 0x00000000e1a00000, 0x0000000100000000)
  eden space 11776K, 100% used [0x00000000e0000000,0x00000000e0b80000,0x00000000e0b80000)
  from space 1536K, 100% used [0x00000000e0b80000,0x00000000e0d00000,0x00000000e0d00000)
  to   space 1536K, 0% used [0x00000000e1880000,0x00000000e1880000,0x00000000e1a00000)
 ParOldGen       total 30208K, used 2034K [0x00000000a0000000, 0x00000000a1d80000, 0x00000000e0000000)
  object space 30208K, 6% used [0x00000000a0000000,0x00000000a01fc900,0x00000000a1d80000)
 Metaspace       used 6798K, capacity 7080K, committed 7424K, reserved 1056768K
  class space    used 832K, capacity 916K, committed 1024K, reserved 1048576K
Event: 2.509 GC heap after
Heap after GC invocations=4 (full 0):
 PSYoungGen      total 25088K, used 1504K [0x00000000e0000000, 0x00000000e1a00000, 0x0000000100000000)
  eden space 23552K, 0% used [0x00000000e0000000,0x00000000e0000000,0x00000000e1700000)
  from space 1536K, 97% used [0x00000000e1880000,0x00000000e19f8020,0x00000000e1a00000)
  to   space 1536K, 0% used [0x00000000e1700000,0x00000000e1700000,0x00000000e1880000)
 ParOldGen       total 30208K, used 3127K [0x00000000a0000000, 0x00000000a1d80000, 0x00000000e0000000)
  object space 30208K, 10% used [0x00000000a0000000,0x00000000a030de18,0x00000000a1d80000)
 Metaspace       used 6798K, capacity 7080K, committed 7424K, reserved 1056768K
  class space    used 832K, capacity 916K, committed 1024K, reserved 1048576K
}
Event: 2.915 GC heap before
{Heap before GC invocations=5 (full 0):
 PSYoungGen      total 25088K, used 25056K [0x00000000e0000000, 0x00000000e1a00000, 0x0000000100000000)
  eden space 23552K, 100% used [0x00000000e0000000,0x00000000e1700000,0x00000000e1700000)
  from space 1536K, 97% used [0x00000000e1880000,0x00000000e19f8020,0x00000000e1a00000)
  to   space 1536K, 0% used [0x00000000e1700000,0x00000000e1700000,0x00000000e1880000)
 ParOldGen       total 30208K, used 3127K [0x00000000a0000000, 0x00000000a1d80000, 0x00000000e0000000)
  object space 30208K, 10% used [0x00000000a0000000,0x00000000a030de18,0x00000000a1d80000)
 Metaspace       used 9498K, capacity 9758K, committed 9856K, reserved 1058816K
  class space    used 1270K, capacity 1357K, committed 1408K, reserved 1048576K
Event: 2.936 GC heap after
Heap after GC invocations=5 (full 0):
 PSYoungGen      total 25088K, used 1504K [0x00000000e0000000, 0x00000000e3600000, 0x0000000100000000)
  eden space 23552K, 0% used [0x00000000e0000000,0x00000000e0000000,0x00000000e1700000)
  from space 1536K, 97% used [0x00000000e1700000,0x00000000e1878020,0x00000000e1880000)
  to   space 4096K, 0% used [0x00000000e3200000,0x00000000e3200000,0x00000000e3600000)
 ParOldGen       total 30208K, used 5508K [0x00000000a0000000, 0x00000000a1d80000, 0x00000000e0000000)
  object space 30208K, 18% used [0x00000000a0000000,0x00000000a05613d8,0x00000000a1d80000)
 Metaspace       used 9498K, capacity 9758K, committed 9856K, reserved 1058816K
  class space    used 1270K, capacity 1357K, committed 1408K, reserved 1048576K
}
Event: 3.545 GC heap before
{Heap before GC invocations=6 (full 0):
 PSYoungGen      total 25088K, used 25056K [0x00000000e0000000, 0x00000000e3600000, 0x0000000100000000)
  eden space 23552K, 100% used [0x00000000e0000000,0x00000000e1700000,0x00000000e1700000)
  from space 1536K, 97% used [0x00000000e1700000,0x00000000e1878020,0x00000000e1880000)
  to   space 4096K, 0% used [0x00000000e3200000,0x00000000e3200000,0x00000000e3600000)
 ParOldGen       total 30208K, used 5508K [0x00000000a0000000, 0x00000000a1d80000, 0x00000000e0000000)
  object space 30208K, 18% used [0x00000000a0000000,0x00000000a05613d8,0x00000000a1d80000)
 Metaspace       used 12658K, capacity 13074K, committed 13184K, reserved 1060864K
  class space    used 1742K, capacity 1865K, committed 1920K, reserved 1048576K
Event: 3.558 GC heap after
Heap after GC invocations=6 (full 0):
 PSYoungGen      total 50176K, used 4075K [0x00000000e0000000, 0x00000000e3800000, 0x0000000100000000)
  eden space 46080K, 0% used [0x00000000e0000000,0x00000000e0000000,0x00000000e2d00000)
  from space 4096K, 99% used [0x00000000e3200000,0x00000000e35faf10,0x00000000e3600000)
  to   space 5120K, 0% used [0x00000000e2d00000,0x00000000e2d00000,0x00000000e3200000)
 ParOldGen       total 30208K, used 5922K [0x00000000a0000000, 0x00000000a1d80000, 0x00000000e0000000)
  object space 30208K, 19% used [0x00000000a0000000,0x00000000a05c89e8,0x00000000a1d80000)
 Metaspace       used 12658K, capacity 13074K, committed 13184K, reserved 1060864K
  class space    used 1742K, capacity 1865K, committed 1920K, reserved 1048576K
}
Event: 4.718 GC heap before
{Heap before GC invocations=7 (full 0):
 PSYoungGen      total 50176K, used 50155K [0x00000000e0000000, 0x00000000e3800000, 0x0000000100000000)
  eden space 46080K, 100% used [0x00000000e0000000,0x00000000e2d00000,0x00000000e2d00000)
  from space 4096K, 99% used [0x00000000e3200000,0x00000000e35faf10,0x00000000e3600000)
  to   space 5120K, 0% used [0x00000000e2d00000,0x00000000e2d00000,0x00000000e3200000)
 ParOldGen       total 30208K, used 5922K [0x00000000a0000000, 0x00000000a1d80000, 0x00000000e0000000)
  object space 30208K, 19% used [0x00000000a0000000,0x00000000a05c89e8,0x00000000a1d80000)
 Metaspace       used 16536K, capacity 17030K, committed 17152K, reserved 1064960K
  class space    used 2369K, capacity 2529K, committed 2560K, reserved 1048576K

