# JRE version: OpenJDK Runtime Environment (8.0_212) (build 1.8.0_212-release-1586-b4-5784211)
# Java VM: OpenJDK 64-Bit Server VM (25.212-b4-5784211 mixed mode linux-amd64 compressed oops)
Heap:
 PSYoungGen      total 101376K, used 6055K [0x00000000e0000000, 0x00000000e6c00000, 0x0000000100000000)
  eden space 93184K, 0% used [0x00000000e0000000,0x00000000e0000000,0x00000000e5b00000)
  from space 8192K, 73% used [0x00000000e5b00000,0x00000000e60e9c38,0x00000000e6300000)
  to   space 7168K, 0% used [0x00000000e6300000,0x00000000e6300000,0x00000000e6a00000)
 ParOldGen       total 30208K, used 11049K [0x00000000a0000000, 0x00000000a1d80000, 0x00000000e0000000)
  object space 30208K, 36% used [0x00000000a0000000,0x00000000a0aca768,0x00000000a1d80000)
 Metaspace       used 20628K, capacity 21166K, committed 21296K, reserved 1067008K
  class space    used 2986K, capacity 3166K, committed 3200K, reserved 1048576K
GC Heap History (10 events):
Event: 1.937 GC heap after
Heap after GC invocations=2 (full 0):
 PSYoungGen      total 25088K, used 1508K [0x00000000e0000000, 0x00000000e1a00000, 0x0000000100000000)
  eden space 23552K, 0% used [0x00000000e0000000,0x00000000e0000000,0x00000000e1700000)
  from space 1536K, 98% used [0x00000000e1880000,0x00000000e19f9058,0x00000000e1a00000)
  to   space 1536K, 0% used [0x00000000e1700000,0x00000000e1700000,0x00000000e1880000)
 ParOldGen       total 30208K, used 1505K [0x00000000a0000000, 0x00000000a1d80000, 0x00000000e0000000)
  object space 30208K, 4% used [0x00000000a0000000,0x00000000a0178408,0x00000000a1d80000)
 Metaspace       used 6198K, capacity 6384K, committed 6528K, reserved 1056768K
  class space    used 762K, capacity 812K, committed 896K, reserved 1048576K
}
Event: 2.758 GC heap before
{Heap before GC invocations=3 (full 0):
 PSYoungGen      total 25088K, used 25060K [0x00000000e0000000, 0x00000000e1a00000, 0x0000000100000000)
  eden space 23552K, 100% used [0x00000000e0000000,0x00000000e1700000,0x00000000e1700000)
  from space 1536K, 98% used [0x00000000e1880000,0x00000000e19f9058,0x00000000e1a00000)
  to   space 1536K, 0% used [0x00000000e1700000,0x00000000e1700000,0x00000000e1880000)
 ParOldGen       total 30208K, used 1505K [0x00000000a0000000, 0x00000000a1d80000, 0x00000000e0000000)
  object space 30208K, 4% used [0x00000000a0000000,0x00000000a0178408,0x00000000a1d80000)
 Metaspace       used 6808K, capacity 7080K, committed 7424K, reserved 1056768K
  class space    used 832K, capacity 916K, committed 1024K, reserved 1048576K
Event: 2.769 GC heap after
Heap after GC invocations=3 (full 0):
 PSYoungGen      total 25088K, used 1504K [0x00000000e0000000, 0x00000000e3100000, 0x0000000100000000)
  eden space 23552K, 0% used [0x00000000e0000000,0x00000000e0000000,0x00000000e1700000)
  from space 1536K, 97% used [0x00000000e1700000,0x00000000e1878020,0x00000000e1880000)
  to   space 1536K, 0% used [0x00000000e2f80000,0x00000000e2f80000,0x00000000e3100000)
 ParOldGen       total 30208K, used 3118K [0x00000000a0000000, 0x00000000a1d80000, 0x00000000e0000000)
  object space 30208K, 10% used [0x00000000a0000000,0x00000000a030bb60,0x00000000a1d80000)
 Metaspace       used 6808K, capacity 7080K, committed 7424K, reserved 1056768K
  class space    used 832K, capacity 916K, committed 1024K, reserved 1048576K
}
Event: 3.152 GC heap before
{Heap before GC invocations=4 (full 0):
 PSYoungGen      total 25088K, used 25056K [0x00000000e0000000, 0x00000000e3100000, 0x0000000100000000)
  eden space 23552K, 100% used [0x00000000e0000000,0x00000000e1700000,0x00000000e1700000)
  from space 1536K, 97% used [0x00000000e1700000,0x00000000e1878020,0x00000000e1880000)
  to   space 1536K, 0% used [0x00000000e2f80000,0x00000000e2f80000,0x00000000e3100000)
 ParOldGen       total 30208K, used 3118K [0x00000000a0000000, 0x00000000a1d80000, 0x00000000e0000000)
  object space 30208K, 10% used [0x00000000a0000000,0x00000000a030bb60,0x00000000a1d80000)
 Metaspace       used 9522K, capacity 9822K, committed 10112K, reserved 1058816K
  class space    used 1272K, capacity 1357K, committed 1408K, reserved 1048576K
Event: 3.164 GC heap after
Heap after GC invocations=4 (full 0):
 PSYoungGen      total 48640K, used 1520K [0x00000000e0000000, 0x00000000e3100000, 0x0000000100000000)
  eden space 47104K, 0% used [0x00000000e0000000,0x00000000e0000000,0x00000000e2e00000)
  from space 1536K, 98% used [0x00000000e2f80000,0x00000000e30fc030,0x00000000e3100000)
  to   space 1536K, 0% used [0x00000000e2e00000,0x00000000e2e00000,0x00000000e2f80000)
 ParOldGen       total 30208K, used 5542K [0x00000000a0000000, 0x00000000a1d80000, 0x00000000e0000000)
  object space 30208K, 18% used [0x00000000a0000000,0x00000000a0569b78,0x00000000a1d80000)
 Metaspace       used 9522K, capacity 9822K, committed 10112K, reserved 1058816K
  class space    used 1272K, capacity 1357K, committed 1408K, reserved 1048576K
}
Event: 5.054 GC heap before
{Heap before GC invocations=5 (full 0):
 PSYoungGen      total 48640K, used 48624K [0x00000000e0000000, 0x00000000e3100000, 0x0000000100000000)
  eden space 47104K, 100% used [0x00000000e0000000,0x00000000e2e00000,0x00000000e2e00000)
  from space 1536K, 98% used [0x00000000e2f80000,0x00000000e30fc030,0x00000000e3100000)
  to   space 1536K, 0% used [0x00000000e2e00000,0x00000000e2e00000,0x00000000e2f80000)
 ParOldGen       total 30208K, used 5542K [0x00000000a0000000, 0x00000000a1d80000, 0x00000000e0000000)
  object space 30208K, 18% used [0x00000000a0000000,0x00000000a0569b78,0x00000000a1d80000)
 Metaspace       used 14302K, capacity 14684K, committed 14976K, reserved 1062912K
  class space    used 2005K, capacity 2126K, committed 2176K, reserved 1048576K
Event: 5.081 GC heap after
Heap after GC invocations=5 (full 0):
 PSYoungGen      total 48640K, used 1504K [0x00000000e0000000, 0x00000000e6a00000, 0x0000000100000000)
  eden space 47104K, 0% used [0x00000000e0000000,0x00000000e0000000,0x00000000e2e00000)
  from space 1536K, 97% used [0x00000000e2e00000,0x00000000e2f78040,0x00000000e2f80000)
  to   space 7168K, 0% used [0x00000000e6300000,0x00000000e6300000,0x00000000e6a00000)
 ParOldGen       total 30208K, used 10569K [0x00000000a0000000, 0x00000000a1d80000, 0x00000000e0000000)
  object space 30208K, 34% used [0x00000000a0000000,0x00000000a0a52748,0x00000000a1d80000)
 Metaspace       used 14302K, capacity 14684K, committed 14976K, reserved 1062912K
  class space    used 2005K, capacity 2126K, committed 2176K, reserved 1048576K
}
Event: 8.303 GC heap before
{Heap before GC invocations=6 (full 0):
 PSYoungGen      total 48640K, used 48608K [0x00000000e0000000, 0x00000000e6a00000, 0x0000000100000000)
  eden space 47104K, 100% used [0x00000000e0000000,0x00000000e2e00000,0x00000000e2e00000)
  from space 1536K, 97% used [0x00000000e2e00000,0x00000000e2f78040,0x00000000e2f80000)
  to   space 7168K, 0% used [0x00000000e6300000,0x00000000e6300000,0x00000000e6a00000)
 ParOldGen       total 30208K, used 10569K [0x00000000a0000000, 0x00000000a1d80000, 0x00000000e0000000)
  object space 30208K, 34% used [0x00000000a0000000,0x00000000a0a52748,0x00000000a1d80000)
 Metaspace       used 18524K, capacity 19038K, committed 19328K, reserved 1064960K
  class space    used 2671K, capacity 2831K, committed 2944K, reserved 1048576K
Event: 8.325 GC heap after
Heap after GC invocations=6 (full 0):
 PSYoungGen      total 100352K, used 7030K [0x00000000e0000000, 0x00000000e6c00000, 0x0000000100000000)
  eden space 93184K, 0% used [0x00000000e0000000,0x00000000e0000000,0x00000000e5b00000)
  from space 7168K, 98% used [0x00000000e6300000,0x00000000e69dd978,0x00000000e6a00000)
  to   space 8192K, 0% used [0x00000000e5b00000,0x00000000e5b00000,0x00000000e6300000)
 ParOldGen       total 30208K, used 10577K [0x00000000a0000000, 0x00000000a1d80000, 0x00000000e0000000)
  object space 30208K, 35% used [0x00000000a0000000,0x00000000a0a54748,0x00000000a1d80000)
 Metaspace       used 18524K, capacity 19038K, committed 19328K, reserved 1064960K
  class space    used 2671K, capacity 2831K, committed 2944K, reserved 1048576K
}
Event: 9.645 GC heap before
{Heap before GC invocations=7 (full 0):
 PSYoungGen      total 100352K, used 30135K [0x00000000e0000000, 0x00000000e6c00000, 0x0000000100000000)
  eden space 93184K, 24% used [0x00000000e0000000,0x00000000e1690418,0x00000000e5b00000)
  from space 7168K, 98% used [0x00000000e6300000,0x00000000e69dd978,0x00000000e6a00000)
  to   space 8192K, 0% used [0x00000000e5b00000,0x00000000e5b00000,0x00000000e6300000)
 ParOldGen       total 30208K, used 10577K [0x00000000a0000000, 0x00000000a1d80000, 0x00000000e0000000)
  object space 30208K, 35% used [0x00000000a0000000,0x00000000a0a54748,0x00000000a1d80000)
 Metaspace       used 20628K, capacity 21166K, committed 21296K, reserved 1067008K
  class space    used 2986K, capacity 3166K, committed 3200K, reserved 1048576K

