# JRE version: OpenJDK Runtime Environment (8.0_212) (build 1.8.0_212-release-1586-b4-5784211)
# Java VM: OpenJDK 64-Bit Server VM (25.212-b4-5784211 mixed mode linux-amd64 compressed oops)
Heap:
 PSYoungGen      total 302080K, used 20461K [0x00000000e0000000, 0x00000000f3b00000, 0x0000000100000000)
  eden space 281600K, 0% used [0x00000000e0000000,0x00000000e0000000,0x00000000f1300000)
  from space 20480K, 99% used [0x00000000f1300000,0x00000000f26fb470,0x00000000f2700000)
  to   space 17920K, 0% used [0x00000000f2780000,0x00000000f2780000,0x00000000f3900000)
 ParOldGen       total 76288K, used 50567K [0x00000000a0000000, 0x00000000a4a80000, 0x00000000e0000000)
  object space 76288K, 66% used [0x00000000a0000000,0x00000000a3161fb8,0x00000000a4a80000)
 Metaspace       used 70865K, capacity 73469K, committed 73560K, reserved 1112064K
  class space    used 9463K, capacity 10033K, committed 10112K, reserved 1048576K
GC Heap History (10 events):
Event: 11.907 GC heap after
Heap after GC invocations=11 (full 2):
 PSYoungGen      total 192512K, used 0K [0x00000000e0000000, 0x00000000ef280000, 0x0000000100000000)
  eden space 182272K, 0% used [0x00000000e0000000,0x00000000e0000000,0x00000000eb200000)
  from space 10240K, 0% used [0x00000000eb200000,0x00000000eb200000,0x00000000ebc00000)
  to   space 12800K, 0% used [0x00000000ee600000,0x00000000ee600000,0x00000000ef280000)
 ParOldGen       total 47104K, used 19137K [0x00000000a0000000, 0x00000000a2e00000, 0x00000000e0000000)
  object space 47104K, 40% used [0x00000000a0000000,0x00000000a12b0740,0x00000000a2e00000)
 Metaspace       used 34557K, capacity 35382K, committed 35456K, reserved 1079296K
  class space    used 4767K, capacity 4977K, committed 4992K, reserved 1048576K
}
Event: 16.782 GC heap before
{Heap before GC invocations=12 (full 2):
 PSYoungGen      total 192512K, used 182272K [0x00000000e0000000, 0x00000000ef280000, 0x0000000100000000)
  eden space 182272K, 100% used [0x00000000e0000000,0x00000000eb200000,0x00000000eb200000)
  from space 10240K, 0% used [0x00000000eb200000,0x00000000eb200000,0x00000000ebc00000)
  to   space 12800K, 0% used [0x00000000ee600000,0x00000000ee600000,0x00000000ef280000)
 ParOldGen       total 47104K, used 19137K [0x00000000a0000000, 0x00000000a2e00000, 0x00000000e0000000)
  object space 47104K, 40% used [0x00000000a0000000,0x00000000a12b0740,0x00000000a2e00000)
 Metaspace       used 51817K, capacity 53488K, committed 53632K, reserved 1095680K
  class space    used 7104K, capacity 7492K, committed 7552K, reserved 1048576K
Event: 16.916 GC heap after
Heap after GC invocations=12 (full 2):
 PSYoungGen      total 229888K, used 12778K [0x00000000e0000000, 0x00000000f1000000, 0x0000000100000000)
  eden space 217088K, 0% used [0x00000000e0000000,0x00000000e0000000,0x00000000ed400000)
  from space 12800K, 99% used [0x00000000ee600000,0x00000000ef27aaf0,0x00000000ef280000)
  to   space 18432K, 0% used [0x00000000ed400000,0x00000000ed400000,0x00000000ee600000)
 ParOldGen       total 47104K, used 29019K [0x00000000a0000000, 0x00000000a2e00000, 0x00000000e0000000)
  object space 47104K, 61% used [0x00000000a0000000,0x00000000a1c56db0,0x00000000a2e00000)
 Metaspace       used 51817K, capacity 53488K, committed 53632K, reserved 1095680K
  class space    used 7104K, capacity 7492K, committed 7552K, reserved 1048576K
}
Event: 20.210 GC heap before
{Heap before GC invocations=13 (full 2):
 PSYoungGen      total 229888K, used 104170K [0x00000000e0000000, 0x00000000f1000000, 0x0000000100000000)
  eden space 217088K, 42% used [0x00000000e0000000,0x00000000e593fd98,0x00000000ed400000)
  from space 12800K, 99% used [0x00000000ee600000,0x00000000ef27aaf0,0x00000000ef280000)
  to   space 18432K, 0% used [0x00000000ed400000,0x00000000ed400000,0x00000000ee600000)
 ParOldGen       total 47104K, used 29019K [0x00000000a0000000, 0x00000000a2e00000, 0x00000000e0000000)
  object space 47104K, 61% used [0x00000000a0000000,0x00000000a1c56db0,0x00000000a2e00000)
 Metaspace       used 57108K, capacity 59025K, committed 59096K, reserved 1099776K
  class space    used 7911K, capacity 8377K, committed 8448K, reserved 1048576K
Event: 20.265 GC heap after
Heap after GC invocations=13 (full 2):
 PSYoungGen      total 235520K, used 9697K [0x00000000e0000000, 0x00000000f3900000, 0x0000000100000000)
  eden space 217088K, 0% used [0x00000000e0000000,0x00000000e0000000,0x00000000ed400000)
  from space 18432K, 52% used [0x00000000ed400000,0x00000000edd787b8,0x00000000ee600000)
  to   space 17920K, 0% used [0x00000000f2780000,0x00000000f2780000,0x00000000f3900000)
 ParOldGen       total 47104K, used 40168K [0x00000000a0000000, 0x00000000a2e00000, 0x00000000e0000000)
  object space 47104K, 85% used [0x00000000a0000000,0x00000000a273a198,0x00000000a2e00000)
 Metaspace       used 57108K, capacity 59025K, committed 59096K, reserved 1099776K
  class space    used 7911K, capacity 8377K, committed 8448K, reserved 1048576K
}
Event: 20.265 GC heap before
{Heap before GC invocations=14 (full 3):
 PSYoungGen      total 235520K, used 9697K [0x00000000e0000000, 0x00000000f3900000, 0x0000000100000000)
  eden space 217088K, 0% used [0x00000000e0000000,0x00000000e0000000,0x00000000ed400000)
  from space 18432K, 52% used [0x00000000ed400000,0x00000000edd787b8,0x00000000ee600000)
  to   space 17920K, 0% used [0x00000000f2780000,0x00000000f2780000,0x00000000f3900000)
 ParOldGen       total 47104K, used 40168K [0x00000000a0000000, 0x00000000a2e00000, 0x00000000e0000000)
  object space 47104K, 85% used [0x00000000a0000000,0x00000000a273a198,0x00000000a2e00000)
 Metaspace       used 57108K, capacity 59025K, committed 59096K, reserved 1099776K
  class space    used 7911K, capacity 8377K, committed 8448K, reserved 1048576K
Event: 20.533 GC heap after
Heap after GC invocations=14 (full 3):
 PSYoungGen      total 235520K, used 0K [0x00000000e0000000, 0x00000000f3900000, 0x0000000100000000)
  eden space 217088K, 0% used [0x00000000e0000000,0x00000000e0000000,0x00000000ed400000)
  from space 18432K, 0% used [0x00000000ed400000,0x00000000ed400000,0x00000000ee600000)
  to   space 17920K, 0% used [0x00000000f2780000,0x00000000f2780000,0x00000000f3900000)
 ParOldGen       total 76288K, used 35000K [0x00000000a0000000, 0x00000000a4a80000, 0x00000000e0000000)
  object space 76288K, 45% used [0x00000000a0000000,0x00000000a222e128,0x00000000a4a80000)
 Metaspace       used 57070K, capacity 58921K, committed 59096K, reserved 1099776K
  class space    used 7899K, capacity 8355K, committed 8448K, reserved 1048576K
}
Event: 27.601 GC heap before
{Heap before GC invocations=15 (full 3):
 PSYoungGen      total 235520K, used 217088K [0x00000000e0000000, 0x00000000f3900000, 0x0000000100000000)
  eden space 217088K, 100% used [0x00000000e0000000,0x00000000ed400000,0x00000000ed400000)
  from space 18432K, 0% used [0x00000000ed400000,0x00000000ed400000,0x00000000ee600000)
  to   space 17920K, 0% used [0x00000000f2780000,0x00000000f2780000,0x00000000f3900000)
 ParOldGen       total 76288K, used 35000K [0x00000000a0000000, 0x00000000a4a80000, 0x00000000e0000000)
  object space 76288K, 45% used [0x00000000a0000000,0x00000000a222e128,0x00000000a4a80000)
 Metaspace       used 62945K, capacity 65081K, committed 65240K, reserved 1105920K
  class space    used 8619K, capacity 9093K, committed 9216K, reserved 1048576K
Event: 27.808 GC heap after
Heap after GC invocations=15 (full 3):
 PSYoungGen      total 299520K, used 16378K [0x00000000e0000000, 0x00000000f3b00000, 0x0000000100000000)
  eden space 281600K, 0% used [0x00000000e0000000,0x00000000e0000000,0x00000000f1300000)
  from space 17920K, 91% used [0x00000000f2780000,0x00000000f377e8c0,0x00000000f3900000)
  to   space 20480K, 0% used [0x00000000f1300000,0x00000000f1300000,0x00000000f2700000)
 ParOldGen       total 76288K, used 35008K [0x00000000a0000000, 0x00000000a4a80000, 0x00000000e0000000)
  object space 76288K, 45% used [0x00000000a0000000,0x00000000a2230128,0x00000000a4a80000)
 Metaspace       used 62945K, capacity 65081K, committed 65240K, reserved 1105920K
  class space    used 8619K, capacity 9093K, committed 9216K, reserved 1048576K
}
Event: 134.887 GC heap before
{Heap before GC invocations=16 (full 3):
 PSYoungGen      total 299520K, used 297978K [0x00000000e0000000, 0x00000000f3b00000, 0x0000000100000000)
  eden space 281600K, 100% used [0x00000000e0000000,0x00000000f1300000,0x00000000f1300000)
  from space 17920K, 91% used [0x00000000f2780000,0x00000000f377e8c0,0x00000000f3900000)
  to   space 20480K, 0% used [0x00000000f1300000,0x00000000f1300000,0x00000000f2700000)
 ParOldGen       total 76288K, used 35008K [0x00000000a0000000, 0x00000000a4a80000, 0x00000000e0000000)
  object space 76288K, 45% used [0x00000000a0000000,0x00000000a2230128,0x00000000a4a80000)
 Metaspace       used 70865K, capacity 73469K, committed 73560K, reserved 1112064K
  class space    used 9463K, capacity 10033K, committed 10112K, reserved 1048576K

