# JRE version: OpenJDK Runtime Environment (8.0_212) (build 1.8.0_212-release-1586-b4-5784211)
# Java VM: OpenJDK 64-Bit Server VM (25.212-b4-5784211 mixed mode linux-amd64 compressed oops)
Heap:
 PSYoungGen      total 51200K, used 5088K [0x00000000e0000000, 0x00000000e3800000, 0x0000000100000000)
  eden space 46080K, 0% used [0x00000000e0000000,0x00000000e0000000,0x00000000e2d00000)
  from space 5120K, 99% used [0x00000000e2d00000,0x00000000e31f8288,0x00000000e3200000)
  to   space 4096K, 0% used [0x00000000e3200000,0x00000000e3200000,0x00000000e3600000)
 ParOldGen       total 30208K, used 8291K [0x00000000a0000000, 0x00000000a1d80000, 0x00000000e0000000)
  object space 30208K, 27% used [0x00000000a0000000,0x00000000a0818c28,0x00000000a1d80000)
 Metaspace       used 16512K, capacity 16966K, committed 17152K, reserved 1064960K
  class space    used 2365K, capacity 2529K, committed 2560K, reserved 1048576K
GC Heap History (10 events):
Event: 1.388 GC heap after
Heap after GC invocations=2 (full 0):
 PSYoungGen      total 13312K, used 1524K [0x00000000e0000000, 0x00000000e1a00000, 0x0000000100000000)
  eden space 11776K, 0% used [0x00000000e0000000,0x00000000e0000000,0x00000000e0b80000)
  from space 1536K, 99% used [0x00000000e0d00000,0x00000000e0e7d088,0x00000000e0e80000)
  to   space 1536K, 0% used [0x00000000e0b80000,0x00000000e0b80000,0x00000000e0d00000)
 ParOldGen       total 30208K, used 1427K [0x00000000a0000000, 0x00000000a1d80000, 0x00000000e0000000)
  object space 30208K, 4% used [0x00000000a0000000,0x00000000a0164dc8,0x00000000a1d80000)
 Metaspace       used 6166K, capacity 6384K, committed 6528K, reserved 1056768K
  class space    used 762K, capacity 812K, committed 896K, reserved 1048576K
}
Event: 1.538 GC heap before
{Heap before GC invocations=3 (full 0):
 PSYoungGen      total 13312K, used 13300K [0x00000000e0000000, 0x00000000e1a00000, 0x0000000100000000)
  eden space 11776K, 100% used [0x00000000e0000000,0x00000000e0b80000,0x00000000e0b80000)
  from space 1536K, 99% used [0x00000000e0d00000,0x00000000e0e7d088,0x00000000e0e80000)
  to   space 1536K, 0% used [0x00000000e0b80000,0x00000000e0b80000,0x00000000e0d00000)
 ParOldGen       total 30208K, used 1427K [0x00000000a0000000, 0x00000000a1d80000, 0x00000000e0000000)
  object space 30208K, 4% used [0x00000000a0000000,0x00000000a0164dc8,0x00000000a1d80000)
 Metaspace       used 6567K, capacity 6768K, committed 7040K, reserved 1056768K
  class space    used 809K, capacity 876K, committed 896K, reserved 1048576K
Event: 1.546 GC heap after
Heap after GC invocations=3 (full 0):
 PSYoungGen      total 13312K, used 1520K [0x00000000e0000000, 0x00000000e1a00000, 0x0000000100000000)
  eden space 11776K, 0% used [0x00000000e0000000,0x00000000e0000000,0x00000000e0b80000)
  from space 1536K, 98% used [0x00000000e0b80000,0x00000000e0cfc010,0x00000000e0d00000)
  to   space 1536K, 0% used [0x00000000e1880000,0x00000000e1880000,0x00000000e1a00000)
 ParOldGen       total 30208K, used 2004K [0x00000000a0000000, 0x00000000a1d80000, 0x00000000e0000000)
  object space 30208K, 6% used [0x00000000a0000000,0x00000000a01f51f0,0x00000000a1d80000)
 Metaspace       used 6567K, capacity 6768K, committed 7040K, reserved 1056768K
  class space    used 809K, capacity 876K, committed 896K, reserved 1048576K
}
Event: 1.813 GC heap before
{Heap before GC invocations=4 (full 0):
 PSYoungGen      total 13312K, used 13296K [0x00000000e0000000, 0x00000000e1a00000, 0x0000000100000000)
  eden space 11776K, 100% used [0x00000000e0000000,0x00000000e0b80000,0x00000000e0b80000)
  from space 1536K, 98% used [0x00000000e0b80000,0x00000000e0cfc010,0x00000000e0d00000)
  to   space 1536K, 0% used [0x00000000e1880000,0x00000000e1880000,0x00000000e1a00000)
 ParOldGen       total 30208K, used 2004K [0x00000000a0000000, 0x00000000a1d80000, 0x00000000e0000000)
  object space 30208K, 6% used [0x00000000a0000000,0x00000000a01f51f0,0x00000000a1d80000)
 Metaspace       used 6781K, capacity 6984K, committed 7040K, reserved 1056768K
  class space    used 830K, capacity 884K, committed 896K, reserved 1048576K
Event: 1.820 GC heap after
Heap after GC invocations=4 (full 0):
 PSYoungGen      total 25088K, used 1520K [0x00000000e0000000, 0x00000000e1a00000, 0x0000000100000000)
  eden space 23552K, 0% used [0x00000000e0000000,0x00000000e0000000,0x00000000e1700000)
  from space 1536K, 98% used [0x00000000e1880000,0x00000000e19fc010,0x00000000e1a00000)
  to   space 1536K, 0% used [0x00000000e1700000,0x00000000e1700000,0x00000000e1880000)
 ParOldGen       total 30208K, used 3066K [0x00000000a0000000, 0x00000000a1d80000, 0x00000000e0000000)
  object space 30208K, 10% used [0x00000000a0000000,0x00000000a02fe9b8,0x00000000a1d80000)
 Metaspace       used 6781K, capacity 6984K, committed 7040K, reserved 1056768K
  class space    used 830K, capacity 884K, committed 896K, reserved 1048576K
}
Event: 2.176 GC heap before
{Heap before GC invocations=5 (full 0):
 PSYoungGen      total 25088K, used 25072K [0x00000000e0000000, 0x00000000e1a00000, 0x0000000100000000)
  eden space 23552K, 100% used [0x00000000e0000000,0x00000000e1700000,0x00000000e1700000)
  from space 1536K, 98% used [0x00000000e1880000,0x00000000e19fc010,0x00000000e1a00000)
  to   space 1536K, 0% used [0x00000000e1700000,0x00000000e1700000,0x00000000e1880000)
 ParOldGen       total 30208K, used 3066K [0x00000000a0000000, 0x00000000a1d80000, 0x00000000e0000000)
  object space 30208K, 10% used [0x00000000a0000000,0x00000000a02fe9b8,0x00000000a1d80000)
 Metaspace       used 9432K, capacity 9694K, committed 9856K, reserved 1058816K
  class space    used 1262K, capacity 1357K, committed 1408K, reserved 1048576K
Event: 2.184 GC heap after
Heap after GC invocations=5 (full 0):
 PSYoungGen      total 25088K, used 1520K [0x00000000e0000000, 0x00000000e3600000, 0x0000000100000000)
  eden space 23552K, 0% used [0x00000000e0000000,0x00000000e0000000,0x00000000e1700000)
  from space 1536K, 98% used [0x00000000e1700000,0x00000000e187c010,0x00000000e1880000)
  to   space 4096K, 0% used [0x00000000e3200000,0x00000000e3200000,0x00000000e3600000)
 ParOldGen       total 30208K, used 5457K [0x00000000a0000000, 0x00000000a1d80000, 0x00000000e0000000)
  object space 30208K, 18% used [0x00000000a0000000,0x00000000a0554408,0x00000000a1d80000)
 Metaspace       used 9432K, capacity 9694K, committed 9856K, reserved 1058816K
  class space    used 1262K, capacity 1357K, committed 1408K, reserved 1048576K
}
Event: 2.926 GC heap before
{Heap before GC invocations=6 (full 0):
 PSYoungGen      total 25088K, used 25072K [0x00000000e0000000, 0x00000000e3600000, 0x0000000100000000)
  eden space 23552K, 100% used [0x00000000e0000000,0x00000000e1700000,0x00000000e1700000)
  from space 1536K, 98% used [0x00000000e1700000,0x00000000e187c010,0x00000000e1880000)
  to   space 4096K, 0% used [0x00000000e3200000,0x00000000e3200000,0x00000000e3600000)
 ParOldGen       total 30208K, used 5457K [0x00000000a0000000, 0x00000000a1d80000, 0x00000000e0000000)
  object space 30208K, 18% used [0x00000000a0000000,0x00000000a0554408,0x00000000a1d80000)
 Metaspace       used 12541K, capacity 12946K, committed 13184K, reserved 1060864K
  class space    used 1733K, capacity 1865K, committed 1920K, reserved 1048576K
Event: 2.941 GC heap after
Heap after GC invocations=6 (full 0):
 PSYoungGen      total 50176K, used 4068K [0x00000000e0000000, 0x00000000e3800000, 0x0000000100000000)
  eden space 46080K, 0% used [0x00000000e0000000,0x00000000e0000000,0x00000000e2d00000)
  from space 4096K, 99% used [0x00000000e3200000,0x00000000e35f9078,0x00000000e3600000)
  to   space 5120K, 0% used [0x00000000e2d00000,0x00000000e2d00000,0x00000000e3200000)
 ParOldGen       total 30208K, used 5755K [0x00000000a0000000, 0x00000000a1d80000, 0x00000000e0000000)
  object space 30208K, 19% used [0x00000000a0000000,0x00000000a059ef00,0x00000000a1d80000)
 Metaspace       used 12541K, capacity 12946K, committed 13184K, reserved 1060864K
  class space    used 1733K, capacity 1865K, committed 1920K, reserved 1048576K
}
Event: 4.093 GC heap before
{Heap before GC invocations=7 (full 0):
 PSYoungGen      total 50176K, used 50148K [0x00000000e0000000, 0x00000000e3800000, 0x0000000100000000)
  eden space 46080K, 100% used [0x00000000e0000000,0x00000000e2d00000,0x00000000e2d00000)
  from space 4096K, 99% used [0x00000000e3200000,0x00000000e35f9078,0x00000000e3600000)
  to   space 5120K, 0% used [0x00000000e2d00000,0x00000000e2d00000,0x00000000e3200000)
 ParOldGen       total 30208K, used 5755K [0x00000000a0000000, 0x00000000a1d80000, 0x00000000e0000000)
  object space 30208K, 19% used [0x00000000a0000000,0x00000000a059ef00,0x00000000a1d80000)
 Metaspace       used 16512K, capacity 16966K, committed 17152K, reserved 1064960K
  class space    used 2365K, capacity 2529K, committed 2560K, reserved 1048576K

